<?xml version="1.0" encoding="UTF-8"?>
<testsuite name="com.parkinglot.ParkingLotOwnerTest" tests="2" skipped="0" failures="0" errors="0" timestamp="2016-09-14T09:55:29" hostname="WOJRPTC13" time="0.104">
  <properties/>
  <testcase name="itShouldPutFullSignBoardOnParkingFull" classname="com.parkinglot.ParkingLotOwnerTest" time="0.101"/>
  <testcase name="itShouldTakeInFullSignBooardOnParkingAvailable" classname="com.parkinglot.ParkingLotOwnerTest" time="0.001"/>
  <system-out><![CDATA[]]></system-out>
  <system-err><![CDATA[]]></system-err>
</testsuite>
