<?xml version="1.0" encoding="UTF-8"?>
<testsuite name="com.parkinglot.ParkingLotTest" tests="5" skipped="0" failures="0" errors="0" timestamp="2016-09-14T09:30:05" hostname="WOJRPTC13" time="0.018">
  <properties/>
  <testcase name="itShouldAvoidDuplicateCarParking" classname="com.parkinglot.ParkingLotTest" time="0.015"/>
  <testcase name="itShouldNotUnParkIfNotExists" classname="com.parkinglot.ParkingLotTest" time="0.0"/>
  <testcase name="itShouldParkOnlyIfFreeSapceAvailable" classname="com.parkinglot.ParkingLotTest" time="0.0"/>
  <testcase name="itShouldFreeSpaceOnUnparking" classname="com.parkinglot.ParkingLotTest" time="0.001"/>
  <testcase name="itShouldParkIfFreeSpaceAvailable" classname="com.parkinglot.ParkingLotTest" time="0.0"/>
  <system-out><![CDATA[]]></system-out>
  <system-err><![CDATA[]]></system-err>
</testsuite>
